Terminals unused in grammar

    LABEL
    TYPE
    ARRAY
    OF
    INTEGER
    BOOLEAN
    GOTO
    NOT
    ABRE_CHAVES
    FECHA_CHAVES
    ABRE_COLCHETES
    FECHA_COLCHETES
    BARRA


State 50 conflicts: 1 shift/reduce
State 51 conflicts: 1 shift/reduce
State 53 conflicts: 1 shift/reduce
State 54 conflicts: 1 shift/reduce
State 55 conflicts: 1 shift/reduce
State 106 conflicts: 1 shift/reduce


Grammar

    0 $accept: programa $end

    1 $@1: %empty

    2 programa: $@1 PROGRAM IDENT declara_program

    3 declara_program: ABRE_PARENTESES lista_idents FECHA_PARENTESES PONTO_E_VIRGULA bloco PONTO
    4                | PONTO_E_VIRGULA bloco PONTO

    5 $@2: %empty

    6 bloco: parte_declara $@2 comando_composto

    7 parte_declara: parte_declara_consts parte_declara_vars

    8 parte_declara_consts: const

    9 const: CONST declara_consts
   10      | %empty

   11 declara_consts: declara_consts declara_const
   12               | declara_const

   13 declara_const: id IGUAL expressao PONTO_E_VIRGULA

   14 id: IDENT

   15 parte_declara_vars: var

   16 $@3: %empty

   17 var: $@3 VAR declara_vars
   18    | %empty

   19 declara_vars: declara_vars declara_var
   20             | declara_var

   21 $@4: %empty

   22 declara_var: $@4 lista_id_var DOIS_PONTOS tipo PONTO_E_VIRGULA

   23 tipo: IDENT

   24 lista_id_var: lista_id_var VIRGULA IDENT
   25             | IDENT

   26 lista_idents: lista_idents VIRGULA IDENT
   27             | IDENT

   28 leitura: READ ABRE_PARENTESES param_read FECHA_PARENTESES

   29 param_read: param_read VIRGULA read
   30           | read

   31 read: IDENT

   32 impressao: WRITE ABRE_PARENTESES param_write FECHA_PARENTESES

   33 param_write: param_write VIRGULA write
   34            | write

   35 write: IDENT
   36      | NUMERO

   37 comando_composto: procedure_function
   38                 | T_BEGIN comandos T_END

   39 $@5: %empty

   40 $@6: %empty

   41 procedure_function: PROCEDURE $@5 IDENT $@6 procedure_function2 PONTO_E_VIRGULA procedure_function3
   42                   | FUNCTION IDENT procedure_function2 DOIS_PONTOS retorno_func PONTO_E_VIRGULA procedure_function3

   43 procedure_function2: ABRE_PARENTESES declara_params FECHA_PARENTESES
   44                    | %empty

   45 $@7: %empty

   46 procedure_function3: bloco PONTO_E_VIRGULA $@7 comando_composto

   47 declara_params: VAR params_ref
   48               | VAR params_ref declara_params2
   49               | params_valor declara_params2
   50               | params_valor

   51 declara_params2: PONTO_E_VIRGULA declara_params

   52 params_valor: params_valor VIRGULA param_valor
   53             | param_valor

   54 param_valor: IDENT DOIS_PONTOS tipo_param_valor

   55 tipo_param_valor: IDENT

   56 params_ref: params_ref VIRGULA param_ref
   57           | param_ref

   58 param_ref: IDENT DOIS_PONTOS tipo_param_ref

   59 tipo_param_ref: IDENT

   60 retorno_func: IDENT

   61 comandos: atribuicao PONTO_E_VIRGULA comandos
   62         | atribuicao PONTO_E_VIRGULA
   63         | atribuicao
   64         | leitura PONTO_E_VIRGULA comandos
   65         | leitura PONTO_E_VIRGULA
   66         | leitura
   67         | impressao PONTO_E_VIRGULA comandos
   68         | impressao PONTO_E_VIRGULA
   69         | impressao
   70         | repeticao PONTO_E_VIRGULA comandos
   71         | repeticao PONTO_E_VIRGULA
   72         | repeticao
   73         | condicao PONTO_E_VIRGULA comandos
   74         | condicao PONTO_E_VIRGULA
   75         | condicao

   76 $@8: %empty

   77 condicao: IF ABRE_PARENTESES expressao_booleana $@8 FECHA_PARENTESES THEN condicao2

   78 $@9: %empty

   79 condicao: IF expressao_booleana $@9 THEN condicao2

   80 condicao2: condicao3 ELSE condicao4
   81          | condicao3 ELSE T_BEGIN condicao4 T_END
   82          | T_BEGIN condicao3 T_END ELSE condicao4
   83          | T_BEGIN condicao3 T_END ELSE T_BEGIN condicao4 T_END

   84 condicao3: comandos

   85 $@10: %empty

   86 condicao4: $@10 comandos

   87 $@11: %empty

   88 repeticao: WHILE $@11 repeticao2

   89 $@12: %empty

   90 repeticao2: ABRE_PARENTESES expressao_booleana FECHA_PARENTESES DO $@12 repeticao3

   91 $@13: %empty

   92 repeticao2: expressao_booleana DO $@13 repeticao3

   93 repeticao3: comando_composto
   94           | comandos

   95 expressao_booleana: expressao

   96 $@14: %empty

   97 $@15: %empty

   98 atribuicao: IDENT $@14 ATRIBUICAO $@15 expressao

   99 expressao: expressao_interna relacao expressao_interna
  100          | expressao_interna

  101 relacao: MAIOR
  102        | MENOR
  103        | MAIOR_IGUAL
  104        | MENOR_IGUAL
  105        | IGUAL
  106        | DESIGUAL

  107 expressao_interna: expressao_interna MAIS termo
  108                  | expressao_interna MENOS termo
  109                  | expressao_interna OR termo
  110                  | termo

  111 termo: termo ASTERISCO fator
  112      | termo DIV fator
  113      | termo AND fator
  114      | fator

  115 fator: IDENT
  116      | NUMERO
  117      | ABRE_PARENTESES expressao FECHA_PARENTESES


Terminals, with rules where they appear

    $end (0) 0
    error (256)
    PROGRAM (258) 2
    ABRE_PARENTESES (259) 3 28 32 43 77 90 117
    FECHA_PARENTESES (260) 3 28 32 43 77 90 117
    VIRGULA (261) 24 26 29 33 52 56
    PONTO_E_VIRGULA (262) 3 4 13 22 41 42 46 51 61 62 64 65 67 68 70 71 73 74
    DOIS_PONTOS (263) 22 42 54 58
    PONTO (264) 3 4
    T_BEGIN (265) 38 81 82 83
    T_END (266) 38 81 82 83
    VAR (267) 17 47 48
    IDENT (268) 2 14 23 24 25 26 27 31 35 41 42 54 55 58 59 60 98 115
    ATRIBUICAO (269) 98
    NUMERO (270) 36 116
    LABEL (271)
    TYPE (272)
    ARRAY (273)
    OF (274)
    PROCEDURE (275) 41
    FUNCTION (276) 42
    INTEGER (277)
    BOOLEAN (278)
    GOTO (279)
    IF (280) 77 79
    THEN (281) 77 79
    ELSE (282) 80 81 82 83
    WHILE (283) 88
    DO (284) 90 92
    OR (285) 109
    DIV (286) 112
    AND (287) 113
    NOT (288)
    ABRE_CHAVES (289)
    FECHA_CHAVES (290)
    ABRE_COLCHETES (291)
    FECHA_COLCHETES (292)
    IGUAL (293) 13 105
    MAIOR (294) 101
    MENOR (295) 102
    DESIGUAL (296) 106
    MAIOR_IGUAL (297) 103
    MENOR_IGUAL (298) 104
    MAIS (299) 107
    MENOS (300) 108
    ASTERISCO (301) 111
    BARRA (302)
    READ (303) 28
    WRITE (304) 32
    CONST (305) 9


Nonterminals, with rules where they appear

    $accept (51)
        on left: 0
    programa (52)
        on left: 2
        on right: 0
    $@1 (53)
        on left: 1
        on right: 2
    declara_program (54)
        on left: 3 4
        on right: 2
    bloco (55)
        on left: 6
        on right: 3 4 46
    $@2 (56)
        on left: 5
        on right: 6
    parte_declara (57)
        on left: 7
        on right: 6
    parte_declara_consts (58)
        on left: 8
        on right: 7
    const (59)
        on left: 9 10
        on right: 8
    declara_consts (60)
        on left: 11 12
        on right: 9 11
    declara_const (61)
        on left: 13
        on right: 11 12
    id (62)
        on left: 14
        on right: 13
    parte_declara_vars (63)
        on left: 15
        on right: 7
    var (64)
        on left: 17 18
        on right: 15
    $@3 (65)
        on left: 16
        on right: 17
    declara_vars (66)
        on left: 19 20
        on right: 17 19
    declara_var (67)
        on left: 22
        on right: 19 20
    $@4 (68)
        on left: 21
        on right: 22
    tipo (69)
        on left: 23
        on right: 22
    lista_id_var (70)
        on left: 24 25
        on right: 22 24
    lista_idents (71)
        on left: 26 27
        on right: 3 26
    leitura (72)
        on left: 28
        on right: 64 65 66
    param_read (73)
        on left: 29 30
        on right: 28 29
    read (74)
        on left: 31
        on right: 29 30
    impressao (75)
        on left: 32
        on right: 67 68 69
    param_write (76)
        on left: 33 34
        on right: 32 33
    write (77)
        on left: 35 36
        on right: 33 34
    comando_composto (78)
        on left: 37 38
        on right: 6 46 93
    procedure_function (79)
        on left: 41 42
        on right: 37
    $@5 (80)
        on left: 39
        on right: 41
    $@6 (81)
        on left: 40
        on right: 41
    procedure_function2 (82)
        on left: 43 44
        on right: 41 42
    procedure_function3 (83)
        on left: 46
        on right: 41 42
    $@7 (84)
        on left: 45
        on right: 46
    declara_params (85)
        on left: 47 48 49 50
        on right: 43 51
    declara_params2 (86)
        on left: 51
        on right: 48 49
    params_valor (87)
        on left: 52 53
        on right: 49 50 52
    param_valor (88)
        on left: 54
        on right: 52 53
    tipo_param_valor (89)
        on left: 55
        on right: 54
    params_ref (90)
        on left: 56 57
        on right: 47 48 56
    param_ref (91)
        on left: 58
        on right: 56 57
    tipo_param_ref (92)
        on left: 59
        on right: 58
    retorno_func (93)
        on left: 60
        on right: 42
    comandos (94)
        on left: 61 62 63 64 65 66 67 68 69 70 71 72 73 74 75
        on right: 38 61 64 67 70 73 84 86 94
    condicao (95)
        on left: 77 79
        on right: 73 74 75
    $@8 (96)
        on left: 76
        on right: 77
    $@9 (97)
        on left: 78
        on right: 79
    condicao2 (98)
        on left: 80 81 82 83
        on right: 77 79
    condicao3 (99)
        on left: 84
        on right: 80 81 82 83
    condicao4 (100)
        on left: 86
        on right: 80 81 82 83
    $@10 (101)
        on left: 85
        on right: 86
    repeticao (102)
        on left: 88
        on right: 70 71 72
    $@11 (103)
        on left: 87
        on right: 88
    repeticao2 (104)
        on left: 90 92
        on right: 88
    $@12 (105)
        on left: 89
        on right: 90
    $@13 (106)
        on left: 91
        on right: 92
    repeticao3 (107)
        on left: 93 94
        on right: 90 92
    expressao_booleana (108)
        on left: 95
        on right: 77 79 90 92
    atribuicao (109)
        on left: 98
        on right: 61 62 63
    $@14 (110)
        on left: 96
        on right: 98
    $@15 (111)
        on left: 97
        on right: 98
    expressao (112)
        on left: 99 100
        on right: 13 95 98 117
    relacao (113)
        on left: 101 102 103 104 105 106
        on right: 99
    expressao_interna (114)
        on left: 107 108 109 110
        on right: 99 100 107 108 109
    termo (115)
        on left: 111 112 113 114
        on right: 107 108 109 110 111 112 113
    fator (116)
        on left: 115 116 117
        on right: 111 112 113 114


State 0

    0 $accept: . programa $end

    $default  reduce using rule 1 ($@1)

    programa  go to state 1
    $@1       go to state 2


State 1

    0 $accept: programa . $end

    $end  shift, and go to state 3


State 2

    2 programa: $@1 . PROGRAM IDENT declara_program

    PROGRAM  shift, and go to state 4


State 3

    0 $accept: programa $end .

    $default  accept


State 4

    2 programa: $@1 PROGRAM . IDENT declara_program

    IDENT  shift, and go to state 5


State 5

    2 programa: $@1 PROGRAM IDENT . declara_program

    ABRE_PARENTESES  shift, and go to state 6
    PONTO_E_VIRGULA  shift, and go to state 7

    declara_program  go to state 8


State 6

    3 declara_program: ABRE_PARENTESES . lista_idents FECHA_PARENTESES PONTO_E_VIRGULA bloco PONTO

    IDENT  shift, and go to state 9

    lista_idents  go to state 10


State 7

    4 declara_program: PONTO_E_VIRGULA . bloco PONTO

    CONST  shift, and go to state 11

    $default  reduce using rule 10 (const)

    bloco                 go to state 12
    parte_declara         go to state 13
    parte_declara_consts  go to state 14
    const                 go to state 15


State 8

    2 programa: $@1 PROGRAM IDENT declara_program .

    $default  reduce using rule 2 (programa)


State 9

   27 lista_idents: IDENT .

    $default  reduce using rule 27 (lista_idents)


State 10

    3 declara_program: ABRE_PARENTESES lista_idents . FECHA_PARENTESES PONTO_E_VIRGULA bloco PONTO
   26 lista_idents: lista_idents . VIRGULA IDENT

    FECHA_PARENTESES  shift, and go to state 16
    VIRGULA           shift, and go to state 17


State 11

    9 const: CONST . declara_consts

    IDENT  shift, and go to state 18

    declara_consts  go to state 19
    declara_const   go to state 20
    id              go to state 21


State 12

    4 declara_program: PONTO_E_VIRGULA bloco . PONTO

    PONTO  shift, and go to state 22


State 13

    6 bloco: parte_declara . $@2 comando_composto

    $default  reduce using rule 5 ($@2)

    $@2  go to state 23


State 14

    7 parte_declara: parte_declara_consts . parte_declara_vars

    VAR       reduce using rule 16 ($@3)
    $default  reduce using rule 18 (var)

    parte_declara_vars  go to state 24
    var                 go to state 25
    $@3                 go to state 26


State 15

    8 parte_declara_consts: const .

    $default  reduce using rule 8 (parte_declara_consts)


State 16

    3 declara_program: ABRE_PARENTESES lista_idents FECHA_PARENTESES . PONTO_E_VIRGULA bloco PONTO

    PONTO_E_VIRGULA  shift, and go to state 27


State 17

   26 lista_idents: lista_idents VIRGULA . IDENT

    IDENT  shift, and go to state 28


State 18

   14 id: IDENT .

    $default  reduce using rule 14 (id)


State 19

    9 const: CONST declara_consts .
   11 declara_consts: declara_consts . declara_const

    IDENT  shift, and go to state 18

    $default  reduce using rule 9 (const)

    declara_const  go to state 29
    id             go to state 21


State 20

   12 declara_consts: declara_const .

    $default  reduce using rule 12 (declara_consts)


State 21

   13 declara_const: id . IGUAL expressao PONTO_E_VIRGULA

    IGUAL  shift, and go to state 30


State 22

    4 declara_program: PONTO_E_VIRGULA bloco PONTO .

    $default  reduce using rule 4 (declara_program)


State 23

    6 bloco: parte_declara $@2 . comando_composto

    T_BEGIN    shift, and go to state 31
    PROCEDURE  shift, and go to state 32
    FUNCTION   shift, and go to state 33

    comando_composto    go to state 34
    procedure_function  go to state 35


State 24

    7 parte_declara: parte_declara_consts parte_declara_vars .

    $default  reduce using rule 7 (parte_declara)


State 25

   15 parte_declara_vars: var .

    $default  reduce using rule 15 (parte_declara_vars)


State 26

   17 var: $@3 . VAR declara_vars

    VAR  shift, and go to state 36


State 27

    3 declara_program: ABRE_PARENTESES lista_idents FECHA_PARENTESES PONTO_E_VIRGULA . bloco PONTO

    CONST  shift, and go to state 11

    $default  reduce using rule 10 (const)

    bloco                 go to state 37
    parte_declara         go to state 13
    parte_declara_consts  go to state 14
    const                 go to state 15


State 28

   26 lista_idents: lista_idents VIRGULA IDENT .

    $default  reduce using rule 26 (lista_idents)


State 29

   11 declara_consts: declara_consts declara_const .

    $default  reduce using rule 11 (declara_consts)


State 30

   13 declara_const: id IGUAL . expressao PONTO_E_VIRGULA

    ABRE_PARENTESES  shift, and go to state 38
    IDENT            shift, and go to state 39
    NUMERO           shift, and go to state 40

    expressao          go to state 41
    expressao_interna  go to state 42
    termo              go to state 43
    fator              go to state 44


State 31

   38 comando_composto: T_BEGIN . comandos T_END

    IDENT  shift, and go to state 45
    IF     shift, and go to state 46
    WHILE  shift, and go to state 47
    READ   shift, and go to state 48
    WRITE  shift, and go to state 49

    leitura     go to state 50
    impressao   go to state 51
    comandos    go to state 52
    condicao    go to state 53
    repeticao   go to state 54
    atribuicao  go to state 55


State 32

   41 procedure_function: PROCEDURE . $@5 IDENT $@6 procedure_function2 PONTO_E_VIRGULA procedure_function3

    $default  reduce using rule 39 ($@5)

    $@5  go to state 56


State 33

   42 procedure_function: FUNCTION . IDENT procedure_function2 DOIS_PONTOS retorno_func PONTO_E_VIRGULA procedure_function3

    IDENT  shift, and go to state 57


State 34

    6 bloco: parte_declara $@2 comando_composto .

    $default  reduce using rule 6 (bloco)


State 35

   37 comando_composto: procedure_function .

    $default  reduce using rule 37 (comando_composto)


State 36

   17 var: $@3 VAR . declara_vars

    $default  reduce using rule 21 ($@4)

    declara_vars  go to state 58
    declara_var   go to state 59
    $@4           go to state 60


State 37

    3 declara_program: ABRE_PARENTESES lista_idents FECHA_PARENTESES PONTO_E_VIRGULA bloco . PONTO

    PONTO  shift, and go to state 61


State 38

  117 fator: ABRE_PARENTESES . expressao FECHA_PARENTESES

    ABRE_PARENTESES  shift, and go to state 38
    IDENT            shift, and go to state 39
    NUMERO           shift, and go to state 40

    expressao          go to state 62
    expressao_interna  go to state 42
    termo              go to state 43
    fator              go to state 44


State 39

  115 fator: IDENT .

    $default  reduce using rule 115 (fator)


State 40

  116 fator: NUMERO .

    $default  reduce using rule 116 (fator)


State 41

   13 declara_const: id IGUAL expressao . PONTO_E_VIRGULA

    PONTO_E_VIRGULA  shift, and go to state 63


State 42

   99 expressao: expressao_interna . relacao expressao_interna
  100          | expressao_interna .
  107 expressao_interna: expressao_interna . MAIS termo
  108                  | expressao_interna . MENOS termo
  109                  | expressao_interna . OR termo

    OR           shift, and go to state 64
    IGUAL        shift, and go to state 65
    MAIOR        shift, and go to state 66
    MENOR        shift, and go to state 67
    DESIGUAL     shift, and go to state 68
    MAIOR_IGUAL  shift, and go to state 69
    MENOR_IGUAL  shift, and go to state 70
    MAIS         shift, and go to state 71
    MENOS        shift, and go to state 72

    $default  reduce using rule 100 (expressao)

    relacao  go to state 73


State 43

  110 expressao_interna: termo .
  111 termo: termo . ASTERISCO fator
  112      | termo . DIV fator
  113      | termo . AND fator

    DIV        shift, and go to state 74
    AND        shift, and go to state 75
    ASTERISCO  shift, and go to state 76

    $default  reduce using rule 110 (expressao_interna)


State 44

  114 termo: fator .

    $default  reduce using rule 114 (termo)


State 45

   98 atribuicao: IDENT . $@14 ATRIBUICAO $@15 expressao

    $default  reduce using rule 96 ($@14)

    $@14  go to state 77


State 46

   77 condicao: IF . ABRE_PARENTESES expressao_booleana $@8 FECHA_PARENTESES THEN condicao2
   79         | IF . expressao_booleana $@9 THEN condicao2

    ABRE_PARENTESES  shift, and go to state 78
    IDENT            shift, and go to state 39
    NUMERO           shift, and go to state 40

    expressao_booleana  go to state 79
    expressao           go to state 80
    expressao_interna   go to state 42
    termo               go to state 43
    fator               go to state 44


State 47

   88 repeticao: WHILE . $@11 repeticao2

    $default  reduce using rule 87 ($@11)

    $@11  go to state 81


State 48

   28 leitura: READ . ABRE_PARENTESES param_read FECHA_PARENTESES

    ABRE_PARENTESES  shift, and go to state 82


State 49

   32 impressao: WRITE . ABRE_PARENTESES param_write FECHA_PARENTESES

    ABRE_PARENTESES  shift, and go to state 83


State 50

   64 comandos: leitura . PONTO_E_VIRGULA comandos
   65         | leitura . PONTO_E_VIRGULA
   66         | leitura .

    PONTO_E_VIRGULA  shift, and go to state 84

    PONTO_E_VIRGULA  [reduce using rule 66 (comandos)]
    $default         reduce using rule 66 (comandos)


State 51

   67 comandos: impressao . PONTO_E_VIRGULA comandos
   68         | impressao . PONTO_E_VIRGULA
   69         | impressao .

    PONTO_E_VIRGULA  shift, and go to state 85

    PONTO_E_VIRGULA  [reduce using rule 69 (comandos)]
    $default         reduce using rule 69 (comandos)


State 52

   38 comando_composto: T_BEGIN comandos . T_END

    T_END  shift, and go to state 86


State 53

   73 comandos: condicao . PONTO_E_VIRGULA comandos
   74         | condicao . PONTO_E_VIRGULA
   75         | condicao .

    PONTO_E_VIRGULA  shift, and go to state 87

    PONTO_E_VIRGULA  [reduce using rule 75 (comandos)]
    $default         reduce using rule 75 (comandos)


State 54

   70 comandos: repeticao . PONTO_E_VIRGULA comandos
   71         | repeticao . PONTO_E_VIRGULA
   72         | repeticao .

    PONTO_E_VIRGULA  shift, and go to state 88

    PONTO_E_VIRGULA  [reduce using rule 72 (comandos)]
    $default         reduce using rule 72 (comandos)


State 55

   61 comandos: atribuicao . PONTO_E_VIRGULA comandos
   62         | atribuicao . PONTO_E_VIRGULA
   63         | atribuicao .

    PONTO_E_VIRGULA  shift, and go to state 89

    PONTO_E_VIRGULA  [reduce using rule 63 (comandos)]
    $default         reduce using rule 63 (comandos)


State 56

   41 procedure_function: PROCEDURE $@5 . IDENT $@6 procedure_function2 PONTO_E_VIRGULA procedure_function3

    IDENT  shift, and go to state 90


State 57

   42 procedure_function: FUNCTION IDENT . procedure_function2 DOIS_PONTOS retorno_func PONTO_E_VIRGULA procedure_function3

    ABRE_PARENTESES  shift, and go to state 91

    $default  reduce using rule 44 (procedure_function2)

    procedure_function2  go to state 92


State 58

   17 var: $@3 VAR declara_vars .
   19 declara_vars: declara_vars . declara_var

    IDENT     reduce using rule 21 ($@4)
    $default  reduce using rule 17 (var)

    declara_var  go to state 93
    $@4          go to state 60


State 59

   20 declara_vars: declara_var .

    $default  reduce using rule 20 (declara_vars)


State 60

   22 declara_var: $@4 . lista_id_var DOIS_PONTOS tipo PONTO_E_VIRGULA

    IDENT  shift, and go to state 94

    lista_id_var  go to state 95


State 61

    3 declara_program: ABRE_PARENTESES lista_idents FECHA_PARENTESES PONTO_E_VIRGULA bloco PONTO .

    $default  reduce using rule 3 (declara_program)


State 62

  117 fator: ABRE_PARENTESES expressao . FECHA_PARENTESES

    FECHA_PARENTESES  shift, and go to state 96


State 63

   13 declara_const: id IGUAL expressao PONTO_E_VIRGULA .

    $default  reduce using rule 13 (declara_const)


State 64

  109 expressao_interna: expressao_interna OR . termo

    ABRE_PARENTESES  shift, and go to state 38
    IDENT            shift, and go to state 39
    NUMERO           shift, and go to state 40

    termo  go to state 97
    fator  go to state 44


State 65

  105 relacao: IGUAL .

    $default  reduce using rule 105 (relacao)


State 66

  101 relacao: MAIOR .

    $default  reduce using rule 101 (relacao)


State 67

  102 relacao: MENOR .

    $default  reduce using rule 102 (relacao)


State 68

  106 relacao: DESIGUAL .

    $default  reduce using rule 106 (relacao)


State 69

  103 relacao: MAIOR_IGUAL .

    $default  reduce using rule 103 (relacao)


State 70

  104 relacao: MENOR_IGUAL .

    $default  reduce using rule 104 (relacao)


State 71

  107 expressao_interna: expressao_interna MAIS . termo

    ABRE_PARENTESES  shift, and go to state 38
    IDENT            shift, and go to state 39
    NUMERO           shift, and go to state 40

    termo  go to state 98
    fator  go to state 44


State 72

  108 expressao_interna: expressao_interna MENOS . termo

    ABRE_PARENTESES  shift, and go to state 38
    IDENT            shift, and go to state 39
    NUMERO           shift, and go to state 40

    termo  go to state 99
    fator  go to state 44


State 73

   99 expressao: expressao_interna relacao . expressao_interna

    ABRE_PARENTESES  shift, and go to state 38
    IDENT            shift, and go to state 39
    NUMERO           shift, and go to state 40

    expressao_interna  go to state 100
    termo              go to state 43
    fator              go to state 44


State 74

  112 termo: termo DIV . fator

    ABRE_PARENTESES  shift, and go to state 38
    IDENT            shift, and go to state 39
    NUMERO           shift, and go to state 40

    fator  go to state 101


State 75

  113 termo: termo AND . fator

    ABRE_PARENTESES  shift, and go to state 38
    IDENT            shift, and go to state 39
    NUMERO           shift, and go to state 40

    fator  go to state 102


State 76

  111 termo: termo ASTERISCO . fator

    ABRE_PARENTESES  shift, and go to state 38
    IDENT            shift, and go to state 39
    NUMERO           shift, and go to state 40

    fator  go to state 103


State 77

   98 atribuicao: IDENT $@14 . ATRIBUICAO $@15 expressao

    ATRIBUICAO  shift, and go to state 104


State 78

   77 condicao: IF ABRE_PARENTESES . expressao_booleana $@8 FECHA_PARENTESES THEN condicao2
  117 fator: ABRE_PARENTESES . expressao FECHA_PARENTESES

    ABRE_PARENTESES  shift, and go to state 38
    IDENT            shift, and go to state 39
    NUMERO           shift, and go to state 40

    expressao_booleana  go to state 105
    expressao           go to state 106
    expressao_interna   go to state 42
    termo               go to state 43
    fator               go to state 44


State 79

   79 condicao: IF expressao_booleana . $@9 THEN condicao2

    $default  reduce using rule 78 ($@9)

    $@9  go to state 107


State 80

   95 expressao_booleana: expressao .

    $default  reduce using rule 95 (expressao_booleana)


State 81

   88 repeticao: WHILE $@11 . repeticao2

    ABRE_PARENTESES  shift, and go to state 108
    IDENT            shift, and go to state 39
    NUMERO           shift, and go to state 40

    repeticao2          go to state 109
    expressao_booleana  go to state 110
    expressao           go to state 80
    expressao_interna   go to state 42
    termo               go to state 43
    fator               go to state 44


State 82

   28 leitura: READ ABRE_PARENTESES . param_read FECHA_PARENTESES

    IDENT  shift, and go to state 111

    param_read  go to state 112
    read        go to state 113


State 83

   32 impressao: WRITE ABRE_PARENTESES . param_write FECHA_PARENTESES

    IDENT   shift, and go to state 114
    NUMERO  shift, and go to state 115

    param_write  go to state 116
    write        go to state 117


State 84

   64 comandos: leitura PONTO_E_VIRGULA . comandos
   65         | leitura PONTO_E_VIRGULA .

    IDENT  shift, and go to state 45
    IF     shift, and go to state 46
    WHILE  shift, and go to state 47
    READ   shift, and go to state 48
    WRITE  shift, and go to state 49

    $default  reduce using rule 65 (comandos)

    leitura     go to state 50
    impressao   go to state 51
    comandos    go to state 118
    condicao    go to state 53
    repeticao   go to state 54
    atribuicao  go to state 55


State 85

   67 comandos: impressao PONTO_E_VIRGULA . comandos
   68         | impressao PONTO_E_VIRGULA .

    IDENT  shift, and go to state 45
    IF     shift, and go to state 46
    WHILE  shift, and go to state 47
    READ   shift, and go to state 48
    WRITE  shift, and go to state 49

    $default  reduce using rule 68 (comandos)

    leitura     go to state 50
    impressao   go to state 51
    comandos    go to state 119
    condicao    go to state 53
    repeticao   go to state 54
    atribuicao  go to state 55


State 86

   38 comando_composto: T_BEGIN comandos T_END .

    $default  reduce using rule 38 (comando_composto)


State 87

   73 comandos: condicao PONTO_E_VIRGULA . comandos
   74         | condicao PONTO_E_VIRGULA .

    IDENT  shift, and go to state 45
    IF     shift, and go to state 46
    WHILE  shift, and go to state 47
    READ   shift, and go to state 48
    WRITE  shift, and go to state 49

    $default  reduce using rule 74 (comandos)

    leitura     go to state 50
    impressao   go to state 51
    comandos    go to state 120
    condicao    go to state 53
    repeticao   go to state 54
    atribuicao  go to state 55


State 88

   70 comandos: repeticao PONTO_E_VIRGULA . comandos
   71         | repeticao PONTO_E_VIRGULA .

    IDENT  shift, and go to state 45
    IF     shift, and go to state 46
    WHILE  shift, and go to state 47
    READ   shift, and go to state 48
    WRITE  shift, and go to state 49

    $default  reduce using rule 71 (comandos)

    leitura     go to state 50
    impressao   go to state 51
    comandos    go to state 121
    condicao    go to state 53
    repeticao   go to state 54
    atribuicao  go to state 55


State 89

   61 comandos: atribuicao PONTO_E_VIRGULA . comandos
   62         | atribuicao PONTO_E_VIRGULA .

    IDENT  shift, and go to state 45
    IF     shift, and go to state 46
    WHILE  shift, and go to state 47
    READ   shift, and go to state 48
    WRITE  shift, and go to state 49

    $default  reduce using rule 62 (comandos)

    leitura     go to state 50
    impressao   go to state 51
    comandos    go to state 122
    condicao    go to state 53
    repeticao   go to state 54
    atribuicao  go to state 55


State 90

   41 procedure_function: PROCEDURE $@5 IDENT . $@6 procedure_function2 PONTO_E_VIRGULA procedure_function3

    $default  reduce using rule 40 ($@6)

    $@6  go to state 123


State 91

   43 procedure_function2: ABRE_PARENTESES . declara_params FECHA_PARENTESES

    VAR    shift, and go to state 124
    IDENT  shift, and go to state 125

    declara_params  go to state 126
    params_valor    go to state 127
    param_valor     go to state 128


State 92

   42 procedure_function: FUNCTION IDENT procedure_function2 . DOIS_PONTOS retorno_func PONTO_E_VIRGULA procedure_function3

    DOIS_PONTOS  shift, and go to state 129


State 93

   19 declara_vars: declara_vars declara_var .

    $default  reduce using rule 19 (declara_vars)


State 94

   25 lista_id_var: IDENT .

    $default  reduce using rule 25 (lista_id_var)


State 95

   22 declara_var: $@4 lista_id_var . DOIS_PONTOS tipo PONTO_E_VIRGULA
   24 lista_id_var: lista_id_var . VIRGULA IDENT

    VIRGULA      shift, and go to state 130
    DOIS_PONTOS  shift, and go to state 131


State 96

  117 fator: ABRE_PARENTESES expressao FECHA_PARENTESES .

    $default  reduce using rule 117 (fator)


State 97

  109 expressao_interna: expressao_interna OR termo .
  111 termo: termo . ASTERISCO fator
  112      | termo . DIV fator
  113      | termo . AND fator

    DIV        shift, and go to state 74
    AND        shift, and go to state 75
    ASTERISCO  shift, and go to state 76

    $default  reduce using rule 109 (expressao_interna)


State 98

  107 expressao_interna: expressao_interna MAIS termo .
  111 termo: termo . ASTERISCO fator
  112      | termo . DIV fator
  113      | termo . AND fator

    DIV        shift, and go to state 74
    AND        shift, and go to state 75
    ASTERISCO  shift, and go to state 76

    $default  reduce using rule 107 (expressao_interna)


State 99

  108 expressao_interna: expressao_interna MENOS termo .
  111 termo: termo . ASTERISCO fator
  112      | termo . DIV fator
  113      | termo . AND fator

    DIV        shift, and go to state 74
    AND        shift, and go to state 75
    ASTERISCO  shift, and go to state 76

    $default  reduce using rule 108 (expressao_interna)


State 100

   99 expressao: expressao_interna relacao expressao_interna .
  107 expressao_interna: expressao_interna . MAIS termo
  108                  | expressao_interna . MENOS termo
  109                  | expressao_interna . OR termo

    OR     shift, and go to state 64
    MAIS   shift, and go to state 71
    MENOS  shift, and go to state 72

    $default  reduce using rule 99 (expressao)


State 101

  112 termo: termo DIV fator .

    $default  reduce using rule 112 (termo)


State 102

  113 termo: termo AND fator .

    $default  reduce using rule 113 (termo)


State 103

  111 termo: termo ASTERISCO fator .

    $default  reduce using rule 111 (termo)


State 104

   98 atribuicao: IDENT $@14 ATRIBUICAO . $@15 expressao

    $default  reduce using rule 97 ($@15)

    $@15  go to state 132


State 105

   77 condicao: IF ABRE_PARENTESES expressao_booleana . $@8 FECHA_PARENTESES THEN condicao2

    $default  reduce using rule 76 ($@8)

    $@8  go to state 133


State 106

   95 expressao_booleana: expressao .
  117 fator: ABRE_PARENTESES expressao . FECHA_PARENTESES

    FECHA_PARENTESES  shift, and go to state 96

    FECHA_PARENTESES  [reduce using rule 95 (expressao_booleana)]


State 107

   79 condicao: IF expressao_booleana $@9 . THEN condicao2

    THEN  shift, and go to state 134


State 108

   90 repeticao2: ABRE_PARENTESES . expressao_booleana FECHA_PARENTESES DO $@12 repeticao3
  117 fator: ABRE_PARENTESES . expressao FECHA_PARENTESES

    ABRE_PARENTESES  shift, and go to state 38
    IDENT            shift, and go to state 39
    NUMERO           shift, and go to state 40

    expressao_booleana  go to state 135
    expressao           go to state 106
    expressao_interna   go to state 42
    termo               go to state 43
    fator               go to state 44


State 109

   88 repeticao: WHILE $@11 repeticao2 .

    $default  reduce using rule 88 (repeticao)


State 110

   92 repeticao2: expressao_booleana . DO $@13 repeticao3

    DO  shift, and go to state 136


State 111

   31 read: IDENT .

    $default  reduce using rule 31 (read)


State 112

   28 leitura: READ ABRE_PARENTESES param_read . FECHA_PARENTESES
   29 param_read: param_read . VIRGULA read

    FECHA_PARENTESES  shift, and go to state 137
    VIRGULA           shift, and go to state 138


State 113

   30 param_read: read .

    $default  reduce using rule 30 (param_read)


State 114

   35 write: IDENT .

    $default  reduce using rule 35 (write)


State 115

   36 write: NUMERO .

    $default  reduce using rule 36 (write)


State 116

   32 impressao: WRITE ABRE_PARENTESES param_write . FECHA_PARENTESES
   33 param_write: param_write . VIRGULA write

    FECHA_PARENTESES  shift, and go to state 139
    VIRGULA           shift, and go to state 140


State 117

   34 param_write: write .

    $default  reduce using rule 34 (param_write)


State 118

   64 comandos: leitura PONTO_E_VIRGULA comandos .

    $default  reduce using rule 64 (comandos)


State 119

   67 comandos: impressao PONTO_E_VIRGULA comandos .

    $default  reduce using rule 67 (comandos)


State 120

   73 comandos: condicao PONTO_E_VIRGULA comandos .

    $default  reduce using rule 73 (comandos)


State 121

   70 comandos: repeticao PONTO_E_VIRGULA comandos .

    $default  reduce using rule 70 (comandos)


State 122

   61 comandos: atribuicao PONTO_E_VIRGULA comandos .

    $default  reduce using rule 61 (comandos)


State 123

   41 procedure_function: PROCEDURE $@5 IDENT $@6 . procedure_function2 PONTO_E_VIRGULA procedure_function3

    ABRE_PARENTESES  shift, and go to state 91

    $default  reduce using rule 44 (procedure_function2)

    procedure_function2  go to state 141


State 124

   47 declara_params: VAR . params_ref
   48               | VAR . params_ref declara_params2

    IDENT  shift, and go to state 142

    params_ref  go to state 143
    param_ref   go to state 144


State 125

   54 param_valor: IDENT . DOIS_PONTOS tipo_param_valor

    DOIS_PONTOS  shift, and go to state 145


State 126

   43 procedure_function2: ABRE_PARENTESES declara_params . FECHA_PARENTESES

    FECHA_PARENTESES  shift, and go to state 146


State 127

   49 declara_params: params_valor . declara_params2
   50               | params_valor .
   52 params_valor: params_valor . VIRGULA param_valor

    VIRGULA          shift, and go to state 147
    PONTO_E_VIRGULA  shift, and go to state 148

    $default  reduce using rule 50 (declara_params)

    declara_params2  go to state 149


State 128

   53 params_valor: param_valor .

    $default  reduce using rule 53 (params_valor)


State 129

   42 procedure_function: FUNCTION IDENT procedure_function2 DOIS_PONTOS . retorno_func PONTO_E_VIRGULA procedure_function3

    IDENT  shift, and go to state 150

    retorno_func  go to state 151


State 130

   24 lista_id_var: lista_id_var VIRGULA . IDENT

    IDENT  shift, and go to state 152


State 131

   22 declara_var: $@4 lista_id_var DOIS_PONTOS . tipo PONTO_E_VIRGULA

    IDENT  shift, and go to state 153

    tipo  go to state 154


State 132

   98 atribuicao: IDENT $@14 ATRIBUICAO $@15 . expressao

    ABRE_PARENTESES  shift, and go to state 38
    IDENT            shift, and go to state 39
    NUMERO           shift, and go to state 40

    expressao          go to state 155
    expressao_interna  go to state 42
    termo              go to state 43
    fator              go to state 44


State 133

   77 condicao: IF ABRE_PARENTESES expressao_booleana $@8 . FECHA_PARENTESES THEN condicao2

    FECHA_PARENTESES  shift, and go to state 156


State 134

   79 condicao: IF expressao_booleana $@9 THEN . condicao2

    T_BEGIN  shift, and go to state 157
    IDENT    shift, and go to state 45
    IF       shift, and go to state 46
    WHILE    shift, and go to state 47
    READ     shift, and go to state 48
    WRITE    shift, and go to state 49

    leitura     go to state 50
    impressao   go to state 51
    comandos    go to state 158
    condicao    go to state 53
    condicao2   go to state 159
    condicao3   go to state 160
    repeticao   go to state 54
    atribuicao  go to state 55


State 135

   90 repeticao2: ABRE_PARENTESES expressao_booleana . FECHA_PARENTESES DO $@12 repeticao3

    FECHA_PARENTESES  shift, and go to state 161


State 136

   92 repeticao2: expressao_booleana DO . $@13 repeticao3

    $default  reduce using rule 91 ($@13)

    $@13  go to state 162


State 137

   28 leitura: READ ABRE_PARENTESES param_read FECHA_PARENTESES .

    $default  reduce using rule 28 (leitura)


State 138

   29 param_read: param_read VIRGULA . read

    IDENT  shift, and go to state 111

    read  go to state 163


State 139

   32 impressao: WRITE ABRE_PARENTESES param_write FECHA_PARENTESES .

    $default  reduce using rule 32 (impressao)


State 140

   33 param_write: param_write VIRGULA . write

    IDENT   shift, and go to state 114
    NUMERO  shift, and go to state 115

    write  go to state 164


State 141

   41 procedure_function: PROCEDURE $@5 IDENT $@6 procedure_function2 . PONTO_E_VIRGULA procedure_function3

    PONTO_E_VIRGULA  shift, and go to state 165


State 142

   58 param_ref: IDENT . DOIS_PONTOS tipo_param_ref

    DOIS_PONTOS  shift, and go to state 166


State 143

   47 declara_params: VAR params_ref .
   48               | VAR params_ref . declara_params2
   56 params_ref: params_ref . VIRGULA param_ref

    VIRGULA          shift, and go to state 167
    PONTO_E_VIRGULA  shift, and go to state 148

    $default  reduce using rule 47 (declara_params)

    declara_params2  go to state 168


State 144

   57 params_ref: param_ref .

    $default  reduce using rule 57 (params_ref)


State 145

   54 param_valor: IDENT DOIS_PONTOS . tipo_param_valor

    IDENT  shift, and go to state 169

    tipo_param_valor  go to state 170


State 146

   43 procedure_function2: ABRE_PARENTESES declara_params FECHA_PARENTESES .

    $default  reduce using rule 43 (procedure_function2)


State 147

   52 params_valor: params_valor VIRGULA . param_valor

    IDENT  shift, and go to state 125

    param_valor  go to state 171


State 148

   51 declara_params2: PONTO_E_VIRGULA . declara_params

    VAR    shift, and go to state 124
    IDENT  shift, and go to state 125

    declara_params  go to state 172
    params_valor    go to state 127
    param_valor     go to state 128


State 149

   49 declara_params: params_valor declara_params2 .

    $default  reduce using rule 49 (declara_params)


State 150

   60 retorno_func: IDENT .

    $default  reduce using rule 60 (retorno_func)


State 151

   42 procedure_function: FUNCTION IDENT procedure_function2 DOIS_PONTOS retorno_func . PONTO_E_VIRGULA procedure_function3

    PONTO_E_VIRGULA  shift, and go to state 173


State 152

   24 lista_id_var: lista_id_var VIRGULA IDENT .

    $default  reduce using rule 24 (lista_id_var)


State 153

   23 tipo: IDENT .

    $default  reduce using rule 23 (tipo)


State 154

   22 declara_var: $@4 lista_id_var DOIS_PONTOS tipo . PONTO_E_VIRGULA

    PONTO_E_VIRGULA  shift, and go to state 174


State 155

   98 atribuicao: IDENT $@14 ATRIBUICAO $@15 expressao .

    $default  reduce using rule 98 (atribuicao)


State 156

   77 condicao: IF ABRE_PARENTESES expressao_booleana $@8 FECHA_PARENTESES . THEN condicao2

    THEN  shift, and go to state 175


State 157

   82 condicao2: T_BEGIN . condicao3 T_END ELSE condicao4
   83          | T_BEGIN . condicao3 T_END ELSE T_BEGIN condicao4 T_END

    IDENT  shift, and go to state 45
    IF     shift, and go to state 46
    WHILE  shift, and go to state 47
    READ   shift, and go to state 48
    WRITE  shift, and go to state 49

    leitura     go to state 50
    impressao   go to state 51
    comandos    go to state 158
    condicao    go to state 53
    condicao3   go to state 176
    repeticao   go to state 54
    atribuicao  go to state 55


State 158

   84 condicao3: comandos .

    $default  reduce using rule 84 (condicao3)


State 159

   79 condicao: IF expressao_booleana $@9 THEN condicao2 .

    $default  reduce using rule 79 (condicao)


State 160

   80 condicao2: condicao3 . ELSE condicao4
   81          | condicao3 . ELSE T_BEGIN condicao4 T_END

    ELSE  shift, and go to state 177


State 161

   90 repeticao2: ABRE_PARENTESES expressao_booleana FECHA_PARENTESES . DO $@12 repeticao3

    DO  shift, and go to state 178


State 162

   92 repeticao2: expressao_booleana DO $@13 . repeticao3

    T_BEGIN    shift, and go to state 31
    IDENT      shift, and go to state 45
    PROCEDURE  shift, and go to state 32
    FUNCTION   shift, and go to state 33
    IF         shift, and go to state 46
    WHILE      shift, and go to state 47
    READ       shift, and go to state 48
    WRITE      shift, and go to state 49

    leitura             go to state 50
    impressao           go to state 51
    comando_composto    go to state 179
    procedure_function  go to state 35
    comandos            go to state 180
    condicao            go to state 53
    repeticao           go to state 54
    repeticao3          go to state 181
    atribuicao          go to state 55


State 163

   29 param_read: param_read VIRGULA read .

    $default  reduce using rule 29 (param_read)


State 164

   33 param_write: param_write VIRGULA write .

    $default  reduce using rule 33 (param_write)


State 165

   41 procedure_function: PROCEDURE $@5 IDENT $@6 procedure_function2 PONTO_E_VIRGULA . procedure_function3

    CONST  shift, and go to state 11

    $default  reduce using rule 10 (const)

    bloco                 go to state 182
    parte_declara         go to state 13
    parte_declara_consts  go to state 14
    const                 go to state 15
    procedure_function3   go to state 183


State 166

   58 param_ref: IDENT DOIS_PONTOS . tipo_param_ref

    IDENT  shift, and go to state 184

    tipo_param_ref  go to state 185


State 167

   56 params_ref: params_ref VIRGULA . param_ref

    IDENT  shift, and go to state 142

    param_ref  go to state 186


State 168

   48 declara_params: VAR params_ref declara_params2 .

    $default  reduce using rule 48 (declara_params)


State 169

   55 tipo_param_valor: IDENT .

    $default  reduce using rule 55 (tipo_param_valor)


State 170

   54 param_valor: IDENT DOIS_PONTOS tipo_param_valor .

    $default  reduce using rule 54 (param_valor)


State 171

   52 params_valor: params_valor VIRGULA param_valor .

    $default  reduce using rule 52 (params_valor)


State 172

   51 declara_params2: PONTO_E_VIRGULA declara_params .

    $default  reduce using rule 51 (declara_params2)


State 173

   42 procedure_function: FUNCTION IDENT procedure_function2 DOIS_PONTOS retorno_func PONTO_E_VIRGULA . procedure_function3

    CONST  shift, and go to state 11

    $default  reduce using rule 10 (const)

    bloco                 go to state 182
    parte_declara         go to state 13
    parte_declara_consts  go to state 14
    const                 go to state 15
    procedure_function3   go to state 187


State 174

   22 declara_var: $@4 lista_id_var DOIS_PONTOS tipo PONTO_E_VIRGULA .

    $default  reduce using rule 22 (declara_var)


State 175

   77 condicao: IF ABRE_PARENTESES expressao_booleana $@8 FECHA_PARENTESES THEN . condicao2

    T_BEGIN  shift, and go to state 157
    IDENT    shift, and go to state 45
    IF       shift, and go to state 46
    WHILE    shift, and go to state 47
    READ     shift, and go to state 48
    WRITE    shift, and go to state 49

    leitura     go to state 50
    impressao   go to state 51
    comandos    go to state 158
    condicao    go to state 53
    condicao2   go to state 188
    condicao3   go to state 160
    repeticao   go to state 54
    atribuicao  go to state 55


State 176

   82 condicao2: T_BEGIN condicao3 . T_END ELSE condicao4
   83          | T_BEGIN condicao3 . T_END ELSE T_BEGIN condicao4 T_END

    T_END  shift, and go to state 189


State 177

   80 condicao2: condicao3 ELSE . condicao4
   81          | condicao3 ELSE . T_BEGIN condicao4 T_END

    T_BEGIN  shift, and go to state 190

    $default  reduce using rule 85 ($@10)

    condicao4  go to state 191
    $@10       go to state 192


State 178

   90 repeticao2: ABRE_PARENTESES expressao_booleana FECHA_PARENTESES DO . $@12 repeticao3

    $default  reduce using rule 89 ($@12)

    $@12  go to state 193


State 179

   93 repeticao3: comando_composto .

    $default  reduce using rule 93 (repeticao3)


State 180

   94 repeticao3: comandos .

    $default  reduce using rule 94 (repeticao3)


State 181

   92 repeticao2: expressao_booleana DO $@13 repeticao3 .

    $default  reduce using rule 92 (repeticao2)


State 182

   46 procedure_function3: bloco . PONTO_E_VIRGULA $@7 comando_composto

    PONTO_E_VIRGULA  shift, and go to state 194


State 183

   41 procedure_function: PROCEDURE $@5 IDENT $@6 procedure_function2 PONTO_E_VIRGULA procedure_function3 .

    $default  reduce using rule 41 (procedure_function)


State 184

   59 tipo_param_ref: IDENT .

    $default  reduce using rule 59 (tipo_param_ref)


State 185

   58 param_ref: IDENT DOIS_PONTOS tipo_param_ref .

    $default  reduce using rule 58 (param_ref)


State 186

   56 params_ref: params_ref VIRGULA param_ref .

    $default  reduce using rule 56 (params_ref)


State 187

   42 procedure_function: FUNCTION IDENT procedure_function2 DOIS_PONTOS retorno_func PONTO_E_VIRGULA procedure_function3 .

    $default  reduce using rule 42 (procedure_function)


State 188

   77 condicao: IF ABRE_PARENTESES expressao_booleana $@8 FECHA_PARENTESES THEN condicao2 .

    $default  reduce using rule 77 (condicao)


State 189

   82 condicao2: T_BEGIN condicao3 T_END . ELSE condicao4
   83          | T_BEGIN condicao3 T_END . ELSE T_BEGIN condicao4 T_END

    ELSE  shift, and go to state 195


State 190

   81 condicao2: condicao3 ELSE T_BEGIN . condicao4 T_END

    $default  reduce using rule 85 ($@10)

    condicao4  go to state 196
    $@10       go to state 192


State 191

   80 condicao2: condicao3 ELSE condicao4 .

    $default  reduce using rule 80 (condicao2)


State 192

   86 condicao4: $@10 . comandos

    IDENT  shift, and go to state 45
    IF     shift, and go to state 46
    WHILE  shift, and go to state 47
    READ   shift, and go to state 48
    WRITE  shift, and go to state 49

    leitura     go to state 50
    impressao   go to state 51
    comandos    go to state 197
    condicao    go to state 53
    repeticao   go to state 54
    atribuicao  go to state 55


State 193

   90 repeticao2: ABRE_PARENTESES expressao_booleana FECHA_PARENTESES DO $@12 . repeticao3

    T_BEGIN    shift, and go to state 31
    IDENT      shift, and go to state 45
    PROCEDURE  shift, and go to state 32
    FUNCTION   shift, and go to state 33
    IF         shift, and go to state 46
    WHILE      shift, and go to state 47
    READ       shift, and go to state 48
    WRITE      shift, and go to state 49

    leitura             go to state 50
    impressao           go to state 51
    comando_composto    go to state 179
    procedure_function  go to state 35
    comandos            go to state 180
    condicao            go to state 53
    repeticao           go to state 54
    repeticao3          go to state 198
    atribuicao          go to state 55


State 194

   46 procedure_function3: bloco PONTO_E_VIRGULA . $@7 comando_composto

    $default  reduce using rule 45 ($@7)

    $@7  go to state 199


State 195

   82 condicao2: T_BEGIN condicao3 T_END ELSE . condicao4
   83          | T_BEGIN condicao3 T_END ELSE . T_BEGIN condicao4 T_END

    T_BEGIN  shift, and go to state 200

    $default  reduce using rule 85 ($@10)

    condicao4  go to state 201
    $@10       go to state 192


State 196

   81 condicao2: condicao3 ELSE T_BEGIN condicao4 . T_END

    T_END  shift, and go to state 202


State 197

   86 condicao4: $@10 comandos .

    $default  reduce using rule 86 (condicao4)


State 198

   90 repeticao2: ABRE_PARENTESES expressao_booleana FECHA_PARENTESES DO $@12 repeticao3 .

    $default  reduce using rule 90 (repeticao2)


State 199

   46 procedure_function3: bloco PONTO_E_VIRGULA $@7 . comando_composto

    T_BEGIN    shift, and go to state 31
    PROCEDURE  shift, and go to state 32
    FUNCTION   shift, and go to state 33

    comando_composto    go to state 203
    procedure_function  go to state 35


State 200

   83 condicao2: T_BEGIN condicao3 T_END ELSE T_BEGIN . condicao4 T_END

    $default  reduce using rule 85 ($@10)

    condicao4  go to state 204
    $@10       go to state 192


State 201

   82 condicao2: T_BEGIN condicao3 T_END ELSE condicao4 .

    $default  reduce using rule 82 (condicao2)


State 202

   81 condicao2: condicao3 ELSE T_BEGIN condicao4 T_END .

    $default  reduce using rule 81 (condicao2)


State 203

   46 procedure_function3: bloco PONTO_E_VIRGULA $@7 comando_composto .

    $default  reduce using rule 46 (procedure_function3)


State 204

   83 condicao2: T_BEGIN condicao3 T_END ELSE T_BEGIN condicao4 . T_END

    T_END  shift, and go to state 205


State 205

   83 condicao2: T_BEGIN condicao3 T_END ELSE T_BEGIN condicao4 T_END .

    $default  reduce using rule 83 (condicao2)
